# JRE version: Java(TM) SE Runtime Environment (8.0_05-b13) (build 1.8.0_05-b13)
# Java VM: Java HotSpot(TM) 64-Bit Server VM (25.5-b02 mixed mode windows-amd64 compressed oops)
Heap:
 PSYoungGen      total 147456K, used 6431K [0x00000000d5a00000, 0x00000000df500000, 0x0000000100000000)
  eden space 139264K, 0% used [0x00000000d5a00000,0x00000000d5a00000,0x00000000de200000)
  from space 8192K, 78% used [0x00000000ded00000,0x00000000df347f28,0x00000000df500000)
  to   space 9728K, 0% used [0x00000000de200000,0x00000000de200000,0x00000000deb80000)
 ParOldGen       total 31744K, used 28182K [0x0000000080e00000, 0x0000000082d00000, 0x00000000d5a00000)
  object space 31744K, 88% used [0x0000000080e00000,0x0000000082985800,0x0000000082d00000)
 Metaspace       used 53206K, capacity 53684K, committed 54144K, reserved 1095680K
  class space    used 7076K, capacity 7186K, committed 7296K, reserved 1048576K
GC Heap History (10 events):
Event: 33.536 GC heap after
Heap after GC invocations=30 (full 3):
 PSYoungGen      total 105472K, used 4499K [0x00000000d5a00000, 0x00000000dde80000, 0x0000000100000000)
  eden space 96768K, 0% used [0x00000000d5a00000,0x00000000d5a00000,0x00000000db880000)
  from space 8704K, 51% used [0x00000000db880000,0x00000000dbce4d18,0x00000000dc100000)
  to   space 8192K, 0% used [0x00000000dd680000,0x00000000dd680000,0x00000000dde80000)
 ParOldGen       total 25600K, used 22597K [0x0000000080e00000, 0x0000000082700000, 0x00000000d5a00000)
  object space 25600K, 88% used [0x0000000080e00000,0x0000000082411768,0x0000000082700000)
 Metaspace       used 38517K, capacity 38906K, committed 39168K, reserved 1083392K
  class space    used 5020K, capacity 5091K, committed 5120K, reserved 1048576K
}
Event: 33.536 GC heap before
{Heap before GC invocations=31 (full 4):
 PSYoungGen      total 105472K, used 4499K [0x00000000d5a00000, 0x00000000dde80000, 0x0000000100000000)
  eden space 96768K, 0% used [0x00000000d5a00000,0x00000000d5a00000,0x00000000db880000)
  from space 8704K, 51% used [0x00000000db880000,0x00000000dbce4d18,0x00000000dc100000)
  to   space 8192K, 0% used [0x00000000dd680000,0x00000000dd680000,0x00000000dde80000)
 ParOldGen       total 25600K, used 22597K [0x0000000080e00000, 0x0000000082700000, 0x00000000d5a00000)
  object space 25600K, 88% used [0x0000000080e00000,0x0000000082411768,0x0000000082700000)
 Metaspace       used 38517K, capacity 38906K, committed 39168K, reserved 1083392K
  class space    used 5020K, capacity 5091K, committed 5120K, reserved 1048576K
Event: 34.019 GC heap after
Heap after GC invocations=31 (full 4):
 PSYoungGen      total 105472K, used 0K [0x00000000d5a00000, 0x00000000dde80000, 0x0000000100000000)
  eden space 96768K, 0% used [0x00000000d5a00000,0x00000000d5a00000,0x00000000db880000)
  from space 8704K, 0% used [0x00000000db880000,0x00000000db880000,0x00000000dc100000)
  to   space 8192K, 0% used [0x00000000dd680000,0x00000000dd680000,0x00000000dde80000)
 ParOldGen       total 31744K, used 24215K [0x0000000080e00000, 0x0000000082d00000, 0x00000000d5a00000)
  object space 31744K, 76% used [0x0000000080e00000,0x00000000825a5d90,0x0000000082d00000)
 Metaspace       used 38517K, capacity 38906K, committed 39168K, reserved 1083392K
  class space    used 5020K, capacity 5091K, committed 5120K, reserved 1048576K
}
Event: 36.995 GC heap before
{Heap before GC invocations=32 (full 4):
 PSYoungGen      total 105472K, used 96768K [0x00000000d5a00000, 0x00000000dde80000, 0x0000000100000000)
  eden space 96768K, 100% used [0x00000000d5a00000,0x00000000db880000,0x00000000db880000)
  from space 8704K, 0% used [0x00000000db880000,0x00000000db880000,0x00000000dc100000)
  to   space 8192K, 0% used [0x00000000dd680000,0x00000000dd680000,0x00000000dde80000)
 ParOldGen       total 31744K, used 24215K [0x0000000080e00000, 0x0000000082d00000, 0x00000000d5a00000)
  object space 31744K, 76% used [0x0000000080e00000,0x00000000825a5d90,0x0000000082d00000)
 Metaspace       used 41873K, capacity 42336K, committed 42752K, reserved 1087488K
  class space    used 5404K, capacity 5508K, committed 5632K, reserved 1048576K
Event: 37.014 GC heap after
Heap after GC invocations=32 (full 4):
 PSYoungGen      total 124416K, used 5214K [0x00000000d5a00000, 0x00000000ddd00000, 0x0000000100000000)
  eden space 117760K, 0% used [0x00000000d5a00000,0x00000000d5a00000,0x00000000dcd00000)
  from space 6656K, 78% used [0x00000000dd680000,0x00000000ddb97b60,0x00000000ddd00000)
  to   space 8192K, 0% used [0x00000000dcd00000,0x00000000dcd00000,0x00000000dd500000)
 ParOldGen       total 31744K, used 24223K [0x0000000080e00000, 0x0000000082d00000, 0x00000000d5a00000)
  object space 31744K, 76% used [0x0000000080e00000,0x00000000825a7d90,0x0000000082d00000)
 Metaspace       used 41873K, capacity 42336K, committed 42752K, reserved 1087488K
  class space    used 5404K, capacity 5508K, committed 5632K, reserved 1048576K
}
Event: 39.688 GC heap before
{Heap before GC invocations=33 (full 4):
 PSYoungGen      total 124416K, used 122974K [0x00000000d5a00000, 0x00000000ddd00000, 0x0000000100000000)
  eden space 117760K, 100% used [0x00000000d5a00000,0x00000000dcd00000,0x00000000dcd00000)
  from space 6656K, 78% used [0x00000000dd680000,0x00000000ddb97b60,0x00000000ddd00000)
  to   space 8192K, 0% used [0x00000000dcd00000,0x00000000dcd00000,0x00000000dd500000)
 ParOldGen       total 31744K, used 24223K [0x0000000080e00000, 0x0000000082d00000, 0x00000000d5a00000)
  object space 31744K, 76% used [0x0000000080e00000,0x00000000825a7d90,0x0000000082d00000)
 Metaspace       used 48974K, capacity 49388K, committed 49920K, reserved 1093632K
  class space    used 6467K, capacity 6534K, committed 6656K, reserved 1048576K
Event: 39.746 GC heap after
Heap after GC invocations=33 (full 4):
 PSYoungGen      total 125952K, used 7530K [0x00000000d5a00000, 0x00000000df600000, 0x0000000100000000)
  eden space 117760K, 0% used [0x00000000d5a00000,0x00000000d5a00000,0x00000000dcd00000)
  from space 8192K, 91% used [0x00000000dcd00000,0x00000000dd45a8a0,0x00000000dd500000)
  to   space 9216K, 0% used [0x00000000ded00000,0x00000000ded00000,0x00000000df600000)
 ParOldGen       total 31744K, used 26581K [0x0000000080e00000, 0x0000000082d00000, 0x00000000d5a00000)
  object space 31744K, 83% used [0x0000000080e00000,0x00000000827f57e0,0x0000000082d00000)
 Metaspace       used 48974K, capacity 49388K, committed 49920K, reserved 1093632K
  class space    used 6467K, capacity 6534K, committed 6656K, reserved 1048576K
}
Event: 43.339 GC heap before
{Heap before GC invocations=34 (full 4):
 PSYoungGen      total 125952K, used 125290K [0x00000000d5a00000, 0x00000000df600000, 0x0000000100000000)
  eden space 117760K, 100% used [0x00000000d5a00000,0x00000000dcd00000,0x00000000dcd00000)
  from space 8192K, 91% used [0x00000000dcd00000,0x00000000dd45a8a0,0x00000000dd500000)
  to   space 9216K, 0% used [0x00000000ded00000,0x00000000ded00000,0x00000000df600000)
 ParOldGen       total 31744K, used 26581K [0x0000000080e00000, 0x0000000082d00000, 0x00000000d5a00000)
  object space 31744K, 83% used [0x0000000080e00000,0x00000000827f57e0,0x0000000082d00000)
 Metaspace       used 53206K, capacity 53684K, committed 54144K, reserved 1095680K
  class space    used 7076K, capacity 7186K, committed 7296K, reserved 1048576K
Event: 43.368 GC heap after
Heap after GC invocations=34 (full 4):
 PSYoungGen      total 147456K, used 6431K [0x00000000d5a00000, 0x00000000df500000, 0x0000000100000000)
  eden space 139264K, 0% used [0x00000000d5a00000,0x00000000d5a00000,0x00000000de200000)
  from space 8192K, 78% used [0x00000000ded00000,0x00000000df347f28,0x00000000df500000)
  to   space 9728K, 0% used [0x00000000de200000,0x00000000de200000,0x00000000deb80000)
 ParOldGen       total 31744K, used 28182K [0x0000000080e00000, 0x0000000082d00000, 0x00000000d5a00000)
  object space 31744K, 88% used [0x0000000080e00000,0x0000000082985800,0x0000000082d00000)
 Metaspace       used 53206K, capacity 53684K, committed 54144K, reserved 1095680K
  class space    used 7076K, capacity 7186K, committed 7296K, reserved 1048576K
}
Event: 43.368 GC heap before
{Heap before GC invocations=35 (full 5):
 PSYoungGen      total 147456K, used 6431K [0x00000000d5a00000, 0x00000000df500000, 0x0000000100000000)
  eden space 139264K, 0% used [0x00000000d5a00000,0x00000000d5a00000,0x00000000de200000)
  from space 8192K, 78% used [0x00000000ded00000,0x00000000df347f28,0x00000000df500000)
  to   space 9728K, 0% used [0x00000000de200000,0x00000000de200000,0x00000000deb80000)
 ParOldGen       total 31744K, used 28182K [0x0000000080e00000, 0x0000000082d00000, 0x00000000d5a00000)
  object space 31744K, 88% used [0x0000000080e00000,0x0000000082985800,0x0000000082d00000)
 Metaspace       used 53206K, capacity 53684K, committed 54144K, reserved 1095680K
  class space    used 7076K, capacity 7186K, committed 7296K, reserved 1048576K

